  checkers.cpp
E:\World\OOP\checkers\checkers.cpp(14,58): warning C4244: 'argument': conversion from 'int' to 'T', possible loss of data
E:\World\OOP\checkers\checkers.cpp(14,58): warning C4244:         with
E:\World\OOP\checkers\checkers.cpp(14,58): warning C4244:         [
E:\World\OOP\checkers\checkers.cpp(14,58): warning C4244:             T=float
E:\World\OOP\checkers\checkers.cpp(14,58): warning C4244:         ]
E:\World\OOP\checkers\checkers.cpp(14,50): warning C4244: 'argument': conversion from 'int' to 'T', possible loss of data
E:\World\OOP\checkers\checkers.cpp(14,50): warning C4244:         with
E:\World\OOP\checkers\checkers.cpp(14,50): warning C4244:         [
E:\World\OOP\checkers\checkers.cpp(14,50): warning C4244:             T=float
E:\World\OOP\checkers\checkers.cpp(14,50): warning C4244:         ]
E:\World\OOP\checkers\checkers.cpp(30,50): warning C4244: 'argument': conversion from 'int' to 'T', possible loss of data
E:\World\OOP\checkers\checkers.cpp(30,50): warning C4244:         with
E:\World\OOP\checkers\checkers.cpp(30,50): warning C4244:         [
E:\World\OOP\checkers\checkers.cpp(30,50): warning C4244:             T=float
E:\World\OOP\checkers\checkers.cpp(30,50): warning C4244:         ]
E:\World\OOP\checkers\checkers.cpp(30,42): warning C4244: 'argument': conversion from 'int' to 'T', possible loss of data
E:\World\OOP\checkers\checkers.cpp(30,42): warning C4244:         with
E:\World\OOP\checkers\checkers.cpp(30,42): warning C4244:         [
E:\World\OOP\checkers\checkers.cpp(30,42): warning C4244:             T=float
E:\World\OOP\checkers\checkers.cpp(30,42): warning C4244:         ]
E:\World\OOP\checkers\checkers.cpp(415,34): warning C4244: '=': conversion from 'double' to 'unsigned int', possible loss of data
E:\World\OOP\checkers\checkers.cpp(419,9): warning C4101: 'grid': unreferenced local variable
  checkers.vcxproj -> E:\World\OOP\checkers\x64\Debug\checkers.exe
